TN:
SF:E:\Projects\Andela\Banka\banka\api\v1/app.js
FN:19,(anonymous_1)
FN:23,checkToken
FN:46,(anonymous_3)
FNF:3
FNH:2
FNDA:0,(anonymous_1)
FNDA:4,checkToken
FNDA:1,(anonymous_3)
DA:1,1
DA:2,1
DA:3,1
DA:4,1
DA:5,1
DA:6,1
DA:7,1
DA:8,1
DA:9,1
DA:12,1
DA:13,1
DA:15,1
DA:16,1
DA:19,1
DA:20,0
DA:23,1
DA:24,4
DA:26,4
DA:27,0
DA:28,0
DA:29,0
DA:30,0
DA:33,4
DA:38,1
DA:39,1
DA:40,1
DA:41,1
DA:42,1
DA:43,1
DA:46,1
DA:47,1
DA:50,1
LF:32
LH:27
BRDA:13,0,0,1
BRDA:13,0,1,1
BRDA:26,1,0,0
BRDA:26,1,1,4
BRF:4
BRH:3
end_of_record
TN:
SF:E:\Projects\Andela\Banka\banka\api\v1\controllers/createAccount.js
FN:4,createAccount
FN:8,(anonymous_2)
FN:24,(anonymous_4)
FN:39,(anonymous_6)
FNF:4
FNH:0
FNDA:0,createAccount
FNDA:0,(anonymous_2)
FNDA:0,(anonymous_4)
FNDA:0,(anonymous_6)
DA:1,1
DA:2,1
DA:4,1
DA:6,0
DA:8,0
DA:9,0
DA:10,0
DA:12,0
DA:13,0
DA:22,0
DA:23,0
DA:24,0
DA:25,0
DA:26,0
DA:28,0
DA:29,0
DA:38,0
DA:39,0
DA:40,0
DA:41,0
DA:43,0
DA:44,0
DA:53,1
LF:23
LH:4
BRDA:9,0,0,0
BRDA:9,0,1,0
BRDA:25,1,0,0
BRDA:25,1,1,0
BRDA:40,2,0,0
BRDA:40,2,1,0
BRF:6
BRH:0
end_of_record
TN:
SF:E:\Projects\Andela\Banka\banka\api\v1\controllers/createStaffs.js
FN:4,createStaff
FN:8,(anonymous_2)
FNF:2
FNH:0
FNDA:0,createStaff
FNDA:0,(anonymous_2)
DA:1,1
DA:2,1
DA:4,1
DA:6,0
DA:8,0
DA:9,0
DA:10,0
DA:12,0
DA:14,0
DA:23,1
LF:10
LH:4
BRDA:9,0,0,0
BRDA:9,0,1,0
BRF:2
BRH:0
end_of_record
TN:
SF:E:\Projects\Andela\Banka\banka\api\v1\controllers/login.js
FN:4,loginUser
FN:9,(anonymous_2)
FNF:2
FNH:2
FNDA:5,loginUser
FNDA:5,(anonymous_2)
DA:1,1
DA:2,1
DA:4,1
DA:6,5
DA:7,5
DA:9,5
DA:10,5
DA:11,5
DA:12,4
DA:17,1
DA:29,1
LF:11
LH:11
BRDA:10,0,0,0
BRDA:10,0,1,5
BRDA:11,1,0,4
BRDA:11,1,1,1
BRDA:11,2,0,5
BRDA:11,2,1,2
BRF:6
BRH:5
end_of_record
TN:
SF:E:\Projects\Andela\Banka\banka\api\v1\controllers/register.js
FN:3,registerUser
FNF:1
FNH:1
FNDA:7,registerUser
DA:1,1
DA:3,1
DA:5,7
DA:6,7
DA:7,7
DA:14,1
LF:6
LH:6
BRF:0
BRH:0
end_of_record
TN:
SF:E:\Projects\Andela\Banka\banka\api\v1\controllers/transaction.js
FN:5,debitTransaction
FN:10,(anonymous_2)
FN:27,(anonymous_4)
FNF:3
FNH:0
FNDA:0,debitTransaction
FNDA:0,(anonymous_2)
FNDA:0,(anonymous_4)
DA:2,1
DA:3,1
DA:5,1
DA:7,0
DA:8,0
DA:10,0
DA:11,0
DA:12,0
DA:14,0
DA:16,0
DA:24,0
DA:25,0
DA:27,0
DA:28,0
DA:29,0
DA:31,0
DA:33,0
DA:42,1
LF:18
LH:4
BRDA:11,0,0,0
BRDA:11,0,1,0
BRDA:28,1,0,0
BRDA:28,1,1,0
BRF:4
BRH:0
end_of_record
TN:
SF:E:\Projects\Andela\Banka\banka\api\v1\controllers/users.js
FN:4,getAllUsers
FN:7,(anonymous_2)
FN:23,(anonymous_4)
FNF:3
FNH:0
FNDA:0,getAllUsers
FNDA:0,(anonymous_2)
FNDA:0,(anonymous_4)
DA:1,1
DA:2,1
DA:4,1
DA:7,0
DA:8,0
DA:9,0
DA:11,0
DA:12,0
DA:21,0
DA:23,0
DA:24,0
DA:25,0
DA:27,0
DA:28,0
DA:37,1
LF:15
LH:4
BRDA:8,0,0,0
BRDA:8,0,1,0
BRDA:24,1,0,0
BRDA:24,1,1,0
BRF:4
BRH:0
end_of_record
TN:
SF:E:\Projects\Andela\Banka\banka\api\v1\helper/registrationHelper.js
FN:3,registrationHelper
FNF:1
FNH:1
FNDA:7,registrationHelper
DA:3,1
DA:5,7
DA:6,7
DA:7,7
DA:8,7
DA:11,7
DA:12,7
DA:14,7
DA:17,7
DA:18,6
DA:21,6
DA:22,23
DA:23,1
DA:28,6
DA:29,1
DA:31,5
DA:34,1
DA:37,7
DA:38,6
DA:40,1
DA:42,7
DA:43,6
DA:45,1
DA:47,7
DA:48,5
DA:50,2
DA:53,7
DA:63,1
LF:28
LH:28
BRDA:17,0,0,6
BRDA:17,0,1,1
BRDA:22,1,0,1
BRDA:22,1,1,22
BRDA:28,2,0,1
BRDA:28,2,1,5
BRDA:37,3,0,6
BRDA:37,3,1,1
BRDA:37,4,0,7
BRDA:37,4,1,7
BRDA:37,4,2,6
BRDA:42,5,0,6
BRDA:42,5,1,1
BRDA:42,6,0,7
BRDA:42,6,1,7
BRDA:42,6,2,6
BRDA:47,7,0,5
BRDA:47,7,1,2
BRDA:47,8,0,7
BRDA:47,8,1,5
BRDA:47,8,2,5
BRF:21
BRH:21
end_of_record
TN:
SF:E:\Projects\Andela\Banka\banka\api\v1\model/CreateAccount.js
FN:2,Account
FNF:1
FNH:0
FNDA:0,Account
DA:2,1
DA:3,0
DA:4,0
DA:5,0
DA:6,0
DA:7,0
DA:8,0
DA:9,0
LF:8
LH:1
BRF:0
BRH:0
end_of_record
TN:
SF:E:\Projects\Andela\Banka\banka\api\v1\model/Transaction.js
FN:2,Transaction
FNF:1
FNH:0
FNDA:0,Transaction
DA:2,1
DA:3,0
DA:4,0
DA:5,0
DA:6,0
DA:7,0
DA:8,0
DA:9,0
DA:10,0
LF:9
LH:1
BRF:0
BRH:0
end_of_record
TN:
SF:E:\Projects\Andela\Banka\banka\api\v1\model/users.js
FN:2,User
FNF:1
FNH:0
FNDA:0,User
DA:2,1
DA:3,0
DA:4,0
DA:5,0
DA:6,0
DA:7,0
DA:8,0
DA:9,0
LF:8
LH:1
BRF:0
BRH:0
end_of_record
TN:
SF:E:\Projects\Andela\Banka\banka\api\v1\routes/createAccount.js
FNF:0
FNH:0
DA:1,1
DA:2,1
DA:4,1
DA:7,1
DA:8,1
DA:9,1
DA:11,1
LF:7
LH:7
BRF:0
BRH:0
end_of_record
TN:
SF:E:\Projects\Andela\Banka\banka\api\v1\routes/createStaffs.js
FNF:0
FNH:0
DA:1,1
DA:2,1
DA:4,1
DA:7,1
DA:9,1
LF:5
LH:5
BRF:0
BRH:0
end_of_record
TN:
SF:E:\Projects\Andela\Banka\banka\api\v1\routes/login.js
FNF:0
FNH:0
DA:1,1
DA:2,1
DA:4,1
DA:7,1
DA:9,1
LF:5
LH:5
BRF:0
BRH:0
end_of_record
TN:
SF:E:\Projects\Andela\Banka\banka\api\v1\routes/register.js
FNF:0
FNH:0
DA:1,1
DA:2,1
DA:4,1
DA:7,1
DA:9,1
LF:5
LH:5
BRF:0
BRH:0
end_of_record
TN:
SF:E:\Projects\Andela\Banka\banka\api\v1\routes/transaction.js
FNF:0
FNH:0
DA:1,1
DA:2,1
DA:4,1
DA:7,1
DA:8,1
DA:10,1
LF:6
LH:6
BRF:0
BRH:0
end_of_record
TN:
SF:E:\Projects\Andela\Banka\banka\api\v1\routes/users.js
FNF:0
FNH:0
DA:1,1
DA:2,1
DA:4,1
DA:7,1
DA:8,1
DA:10,1
LF:6
LH:6
BRF:0
BRH:0
end_of_record
TN:
SF:E:\Projects\Andela\Banka\banka\api\v1\services/createAccount.js
FN:6,createAccount
FN:52,(anonymous_4)
FNF:2
FNH:0
FNDA:0,createAccount
FNDA:0,(anonymous_4)
DA:2,1
DA:4,1
DA:6,1
DA:7,0
DA:8,0
DA:9,0
DA:10,0
DA:11,0
DA:12,0
DA:13,0
DA:14,0
DA:15,0
DA:16,0
DA:19,0
DA:20,0
DA:21,0
DA:22,0
DA:23,0
DA:24,0
DA:25,0
DA:26,0
DA:27,0
DA:28,0
DA:29,0
DA:34,0
DA:36,0
DA:38,0
DA:39,0
DA:40,0
DA:44,0
DA:46,0
DA:51,0
DA:52,0
DA:54,0
DA:55,0
DA:56,0
DA:58,0
DA:61,0
DA:63,0
DA:67,1
LF:40
LH:4
BRDA:34,0,0,0
BRDA:34,0,1,0
BRDA:34,1,0,0
BRDA:34,1,1,0
BRDA:38,2,0,0
BRDA:38,2,1,0
BRDA:51,3,0,0
BRDA:51,3,1,0
BRDA:51,4,0,0
BRDA:51,4,1,0
BRDA:54,5,0,0
BRDA:54,5,1,0
BRF:12
BRH:0
end_of_record
TN:
SF:E:\Projects\Andela\Banka\banka\api\v1\services/createStaffs.js
FN:7,createStaffUser
FNF:1
FNH:0
FNDA:0,createStaffUser
DA:2,1
DA:3,1
DA:5,1
DA:7,1
DA:9,0
DA:12,0
DA:13,0
DA:14,0
DA:15,0
DA:16,0
DA:17,0
DA:19,0
DA:23,0
DA:25,0
DA:29,1
LF:15
LH:5
BRDA:12,0,0,0
BRDA:12,0,1,0
BRDA:12,1,0,0
BRDA:12,1,1,0
BRDA:12,1,2,0
BRDA:12,1,3,0
BRDA:13,2,0,0
BRDA:13,2,1,0
BRF:8
BRH:0
end_of_record
TN:
SF:E:\Projects\Andela\Banka\banka\api\v1\services/login.js
FN:5,loginUser
FNF:1
FNH:1
FNDA:5,loginUser
DA:1,1
DA:3,1
DA:5,1
DA:7,5
DA:8,5
DA:9,5
DA:12,5
DA:13,2
DA:17,2
DA:18,6
DA:19,1
DA:20,1
DA:25,2
DA:26,1
DA:29,3
DA:32,5
DA:36,1
LF:17
LH:17
BRDA:12,0,0,2
BRDA:12,0,1,3
BRDA:12,1,0,5
BRDA:12,1,1,4
BRDA:18,2,0,1
BRDA:18,2,1,5
BRDA:18,3,0,6
BRDA:18,3,1,1
BRDA:25,4,0,1
BRDA:25,4,1,1
BRF:10
BRH:10
end_of_record
TN:
SF:E:\Projects\Andela\Banka\banka\api\v1\services/register.js
FN:7,registerUser
FNF:1
FNH:1
FNDA:7,registerUser
DA:2,1
DA:3,1
DA:5,1
DA:7,1
DA:9,7
DA:12,7
DA:13,1
DA:14,1
DA:15,1
DA:16,1
DA:19,6
DA:21,7
DA:25,1
LF:13
LH:13
BRDA:12,0,0,1
BRDA:12,0,1,6
BRDA:12,1,0,7
BRDA:12,1,1,6
BRDA:12,1,2,5
BRDA:12,1,3,3
BRF:6
BRH:6
end_of_record
TN:
SF:E:\Projects\Andela\Banka\banka\api\v1\services/transaction.js
FN:9,debitTransaction
FNF:1
FNH:0
FNDA:0,debitTransaction
DA:2,1
DA:3,1
DA:5,1
DA:7,1
DA:9,1
DA:11,0
DA:13,0
DA:15,0
DA:16,0
DA:17,0
DA:18,0
DA:19,0
DA:20,0
DA:21,0
DA:22,0
DA:23,0
DA:24,0
DA:25,0
DA:26,0
DA:27,0
DA:28,0
DA:29,0
DA:30,0
DA:34,0
DA:37,0
DA:39,0
DA:41,0
DA:42,0
DA:43,0
DA:44,0
DA:45,0
DA:46,0
DA:47,0
DA:48,0
DA:49,0
DA:50,0
DA:51,0
DA:52,0
DA:53,0
DA:54,0
DA:55,0
DA:56,0
DA:60,0
DA:64,1
LF:44
LH:6
BRDA:11,0,0,0
BRDA:11,0,1,0
BRDA:15,1,0,0
BRDA:15,1,1,0
BRDA:37,2,0,0
BRDA:37,2,1,0
BRDA:41,3,0,0
BRDA:41,3,1,0
BRF:8
BRH:0
end_of_record
TN:
SF:E:\Projects\Andela\Banka\banka\api\v1\services/users.js
FN:5,getAllUsers
FN:8,(anonymous_2)
FN:18,(anonymous_4)
FN:26,(anonymous_5)
FNF:4
FNH:0
FNDA:0,getAllUsers
FNDA:0,(anonymous_2)
FNDA:0,(anonymous_4)
FNDA:0,(anonymous_5)
DA:1,1
DA:3,1
DA:5,1
DA:7,0
DA:8,0
DA:9,0
DA:12,0
DA:17,0
DA:18,0
DA:19,0
DA:20,0
DA:22,0
DA:23,0
DA:25,0
DA:26,0
DA:27,0
DA:29,0
DA:31,0
DA:35,1
LF:19
LH:4
BRDA:7,0,0,0
BRDA:7,0,1,0
BRDA:7,1,0,0
BRDA:7,1,1,0
BRDA:17,2,0,0
BRDA:17,2,1,0
BRDA:18,3,0,0
BRDA:18,3,1,0
BRDA:19,4,0,0
BRDA:19,4,1,0
BRDA:25,5,0,0
BRDA:25,5,1,0
BRF:12
BRH:0
end_of_record
TN:
SF:E:\Projects\Andela\Banka\banka\api\v1\test/accounts.js
FN:9,(anonymous_2)
FN:10,(anonymous_3)
FN:13,(anonymous_4)
FN:19,(anonymous_5)
FN:38,(anonymous_6)
FN:44,(anonymous_7)
FN:53,(anonymous_8)
FN:57,(anonymous_9)
FN:66,(anonymous_10)
FN:70,(anonymous_11)
FNF:10
FNH:10
FNDA:1,(anonymous_2)
FNDA:1,(anonymous_3)
FNDA:1,(anonymous_4)
FNDA:1,(anonymous_5)
FNDA:1,(anonymous_6)
FNDA:1,(anonymous_7)
FNDA:1,(anonymous_8)
FNDA:1,(anonymous_9)
FNDA:1,(anonymous_10)
FNDA:1,(anonymous_11)
DA:2,1
DA:3,1
DA:5,1
DA:7,1
DA:9,1
DA:10,1
DA:11,1
DA:14,1
DA:20,1
DA:33,1
DA:38,1
DA:39,1
DA:45,1
DA:49,1
DA:53,1
DA:54,1
DA:58,1
DA:62,1
DA:66,1
DA:67,1
DA:71,1
DA:75,1
LF:22
LH:22
BRF:0
BRH:0
end_of_record
TN:
SF:E:\Projects\Andela\Banka\banka\api\v1\test/signin.js
FN:9,(anonymous_2)
FN:10,(anonymous_3)
FN:14,(anonymous_4)
FN:22,(anonymous_5)
FN:34,(anonymous_6)
FN:40,(anonymous_7)
FN:48,(anonymous_8)
FN:55,(anonymous_9)
FN:63,(anonymous_10)
FN:69,(anonymous_11)
FN:77,(anonymous_12)
FN:84,(anonymous_13)
FNF:12
FNH:12
FNDA:1,(anonymous_2)
FNDA:1,(anonymous_3)
FNDA:1,(anonymous_4)
FNDA:1,(anonymous_5)
FNDA:1,(anonymous_6)
FNDA:1,(anonymous_7)
FNDA:1,(anonymous_8)
FNDA:1,(anonymous_9)
FNDA:1,(anonymous_10)
FNDA:1,(anonymous_11)
FNDA:1,(anonymous_12)
FNDA:1,(anonymous_13)
DA:2,1
DA:3,1
DA:5,1
DA:7,1
DA:9,1
DA:10,1
DA:11,1
DA:12,1
DA:15,1
DA:23,1
DA:24,1
DA:25,1
DA:26,1
DA:27,1
DA:28,1
DA:29,1
DA:34,1
DA:35,1
DA:41,1
DA:42,1
DA:43,1
DA:44,1
DA:48,1
DA:49,1
DA:56,1
DA:57,1
DA:58,1
DA:59,1
DA:63,1
DA:64,1
DA:70,1
DA:71,1
DA:72,1
DA:73,1
DA:77,1
DA:78,1
DA:85,1
DA:86,1
DA:87,1
DA:88,1
LF:40
LH:40
BRF:0
BRH:0
end_of_record
TN:
SF:E:\Projects\Andela\Banka\banka\api\v1\test/signup.js
FN:9,(anonymous_2)
FN:10,(anonymous_3)
FN:14,(anonymous_4)
FN:24,(anonymous_5)
FN:37,(anonymous_6)
FN:45,(anonymous_7)
FN:53,(anonymous_8)
FN:62,(anonymous_9)
FN:70,(anonymous_10)
FN:78,(anonymous_11)
FN:86,(anonymous_12)
FN:94,(anonymous_13)
FN:102,(anonymous_14)
FN:110,(anonymous_15)
FN:118,(anonymous_16)
FN:127,(anonymous_17)
FNF:16
FNH:16
FNDA:1,(anonymous_2)
FNDA:1,(anonymous_3)
FNDA:1,(anonymous_4)
FNDA:1,(anonymous_5)
FNDA:1,(anonymous_6)
FNDA:1,(anonymous_7)
FNDA:1,(anonymous_8)
FNDA:1,(anonymous_9)
FNDA:1,(anonymous_10)
FNDA:1,(anonymous_11)
FNDA:1,(anonymous_12)
FNDA:1,(anonymous_13)
FNDA:1,(anonymous_14)
FNDA:1,(anonymous_15)
FNDA:1,(anonymous_16)
FNDA:1,(anonymous_17)
DA:2,1
DA:3,1
DA:5,1
DA:7,1
DA:9,1
DA:10,1
DA:11,1
DA:12,1
DA:15,1
DA:25,1
DA:26,1
DA:27,1
DA:28,1
DA:29,1
DA:30,1
DA:31,1
DA:32,1
DA:37,1
DA:38,1
DA:46,1
DA:47,1
DA:48,1
DA:49,1
DA:53,1
DA:54,1
DA:63,1
DA:64,1
DA:65,1
DA:66,1
DA:70,1
DA:71,1
DA:79,1
DA:80,1
DA:81,1
DA:82,1
DA:86,1
DA:87,1
DA:95,1
DA:96,1
DA:97,1
DA:98,1
DA:102,1
DA:103,1
DA:111,1
DA:112,1
DA:113,1
DA:114,1
DA:118,1
DA:119,1
DA:128,1
DA:129,1
DA:130,1
DA:131,1
LF:53
LH:53
BRF:0
BRH:0
end_of_record
TN:
SF:E:\Projects\Andela\Banka\banka\api\v1\test/transactions.js
FN:9,(anonymous_2)
FN:10,(anonymous_3)
FN:13,(anonymous_4)
FN:19,(anonymous_5)
FN:38,(anonymous_6)
FN:44,(anonymous_7)
FNF:6
FNH:6
FNDA:1,(anonymous_2)
FNDA:1,(anonymous_3)
FNDA:1,(anonymous_4)
FNDA:1,(anonymous_5)
FNDA:1,(anonymous_6)
FNDA:1,(anonymous_7)
DA:2,1
DA:3,1
DA:5,1
DA:7,1
DA:9,1
DA:10,1
DA:11,1
DA:14,1
DA:20,1
DA:31,1
DA:36,1
DA:39,1
DA:45,1
DA:56,1
LF:14
LH:14
BRF:0
BRH:0
end_of_record
